This file contains any messages produced by compilers while
running configure, to aid debugging if configure makes a mistake.

It was created by SoundTouch configure 1.8.0, which was
generated by GNU Autoconf 2.65.  Invocation command line was

  $ ./configure --prefix=/Users/mj/golang/src/code.inke.cn/wangmj/soundtouch/build

## --------- ##
## Platform. ##
## --------- ##

hostname = mj-mac.local
uname -m = x86_64
uname -r = 17.4.0
uname -s = Darwin
uname -v = Darwin Kernel Version 17.4.0: Sun Dec 17 09:19:54 PST 2017; root:xnu-4570.41.2~1/RELEASE_X86_64

/usr/bin/uname -p = i386
/bin/uname -X     = unknown

/bin/arch              = unknown
/usr/bin/arch -k       = unknown
/usr/convex/getsysinfo = unknown
/usr/bin/hostinfo      = Mach kernel version:
	 Darwin Kernel Version 17.4.0: Sun Dec 17 09:19:54 PST 2017; root:xnu-4570.41.2~1/RELEASE_X86_64
Kernel configured for up to 4 processors.
2 processors are physically available.
4 processors are logically available.
Processor type: x86_64h (Intel x86-64h Haswell)
Processors active: 0 1 2 3
Primary memory available: 8.00 gigabytes
Default processor set: 449 tasks, 2309 threads, 4 processors
Load average: 3.15, Mach factor: 1.26
/bin/machine           = unknown
/usr/bin/oslevel       = unknown
/bin/universe          = unknown

PATH: /usr/local/opt/go@1.9/bin
PATH: /usr/local/opt/openssl/bin
PATH: /usr/local/opt/python/libexec/bin
PATH: /usr/local/opt/openssl/bin
PATH: /usr/local/bin
PATH: /usr/bin
PATH: /bin
PATH: /usr/sbin
PATH: /sbin
PATH: /Applications/Wireshark.app/Contents/MacOS
PATH: /Users/mj/golang/bin
PATH: /Users/mj/golang/bin
PATH: /Users/mj/vmaf


## ----------- ##
## Core tests. ##
## ----------- ##

configure:2537: checking for a BSD-compatible install
configure:2605: result: /usr/bin/install -c
configure:2616: checking whether build environment is sane
configure:2666: result: yes
configure:2807: checking for a thread-safe mkdir -p
configure:2846: result: config/install-sh -c -d
configure:2859: checking for gawk
configure:2889: result: no
configure:2859: checking for mawk
configure:2889: result: no
configure:2859: checking for nawk
configure:2889: result: no
configure:2859: checking for awk
configure:2875: found /usr/local/bin/awk
configure:2886: result: awk
configure:2897: checking whether make sets $(MAKE)
configure:2919: result: yes
configure:3113: checking for g++
configure:3129: found /usr/bin/g++
configure:3140: result: g++
configure:3167: checking for C++ compiler version
configure:3176: g++ --version >&5
Apple LLVM version 9.0.0 (clang-900.0.39.2)
Target: x86_64-apple-darwin17.4.0
Thread model: posix
InstalledDir: /Applications/Xcode.app/Contents/Developer/Toolchains/XcodeDefault.xctoolchain/usr/bin
Configured with: --prefix=/Applications/Xcode.app/Contents/Developer/usr --with-gxx-include-dir=/usr/include/c++/4.2.1
configure:3187: $? = 0
configure:3176: g++ -v >&5
Configured with: --prefix=/Applications/Xcode.app/Contents/Developer/usr --with-gxx-include-dir=/usr/include/c++/4.2.1
Apple LLVM version 9.0.0 (clang-900.0.39.2)
Target: x86_64-apple-darwin17.4.0
Thread model: posix
InstalledDir: /Applications/Xcode.app/Contents/Developer/Toolchains/XcodeDefault.xctoolchain/usr/bin
configure:3187: $? = 0
configure:3176: g++ -V >&5
clang: error: argument to '-V' is missing (expected 1 value)
clang: error: no input files
configure:3187: $? = 1
configure:3176: g++ -qversion >&5
clang: error: unknown argument: '-qversion'
clang: error: no input files
configure:3187: $? = 1
configure:3207: checking whether the C++ compiler works
configure:3229: g++    conftest.cpp  >&5
configure:3233: $? = 0
configure:3282: result: yes
configure:3285: checking for C++ compiler default output file name
configure:3287: result: a.out
configure:3293: checking for suffix of executables
configure:3300: g++ -o conftest    conftest.cpp  >&5
configure:3304: $? = 0
configure:3326: result: 
configure:3348: checking whether we are cross compiling
configure:3356: g++ -o conftest    conftest.cpp  >&5
configure:3360: $? = 0
configure:3367: ./conftest
configure:3371: $? = 0
configure:3386: result: no
configure:3391: checking for suffix of object files
configure:3413: g++ -c   conftest.cpp >&5
configure:3417: $? = 0
configure:3438: result: o
configure:3442: checking whether we are using the GNU C++ compiler
configure:3461: g++ -c   conftest.cpp >&5
configure:3461: $? = 0
configure:3470: result: yes
configure:3479: checking whether g++ accepts -g
configure:3499: g++ -c -g  conftest.cpp >&5
configure:3499: $? = 0
configure:3540: result: yes
configure:3574: checking for style of include used by make
configure:3602: result: GNU
configure:3627: checking dependency style of g++
configure:3737: result: gcc3
configure:3801: checking for gcc
configure:3817: found /usr/bin/gcc
configure:3828: result: gcc
configure:4057: checking for C compiler version
configure:4066: gcc --version >&5
Apple LLVM version 9.0.0 (clang-900.0.39.2)
Target: x86_64-apple-darwin17.4.0
Thread model: posix
InstalledDir: /Applications/Xcode.app/Contents/Developer/Toolchains/XcodeDefault.xctoolchain/usr/bin
Configured with: --prefix=/Applications/Xcode.app/Contents/Developer/usr --with-gxx-include-dir=/usr/include/c++/4.2.1
configure:4077: $? = 0
configure:4066: gcc -v >&5
Configured with: --prefix=/Applications/Xcode.app/Contents/Developer/usr --with-gxx-include-dir=/usr/include/c++/4.2.1
Apple LLVM version 9.0.0 (clang-900.0.39.2)
Target: x86_64-apple-darwin17.4.0
Thread model: posix
InstalledDir: /Applications/Xcode.app/Contents/Developer/Toolchains/XcodeDefault.xctoolchain/usr/bin
configure:4077: $? = 0
configure:4066: gcc -V >&5
clang: error: argument to '-V' is missing (expected 1 value)
clang: error: no input files
configure:4077: $? = 1
configure:4066: gcc -qversion >&5
clang: error: unknown argument: '-qversion'
clang: error: no input files
configure:4077: $? = 1
configure:4081: checking whether we are using the GNU C compiler
configure:4100: gcc -c   conftest.c >&5
configure:4100: $? = 0
configure:4109: result: yes
configure:4118: checking whether gcc accepts -g
configure:4138: gcc -c -g  conftest.c >&5
configure:4138: $? = 0
configure:4179: result: yes
configure:4196: checking for gcc option to accept ISO C89
configure:4260: gcc  -c -g -O2  conftest.c >&5
configure:4260: $? = 0
configure:4273: result: none needed
configure:4295: checking dependency style of gcc
configure:4405: result: gcc3
configure:4425: checking how to run the C preprocessor
configure:4456: gcc -E  conftest.c
configure:4456: $? = 0
configure:4470: gcc -E  conftest.c
conftest.c:11:10: fatal error: 'ac_nonexistent.h' file not found
#include <ac_nonexistent.h>
         ^~~~~~~~~~~~~~~~~~
1 error generated.
configure:4470: $? = 1
configure: failed program was:
| /* confdefs.h */
| #define PACKAGE_NAME "SoundTouch"
| #define PACKAGE_TARNAME "soundtouch"
| #define PACKAGE_VERSION "1.8.0"
| #define PACKAGE_STRING "SoundTouch 1.8.0"
| #define PACKAGE_BUGREPORT "http://www.surina.net/soundtouch"
| #define PACKAGE_URL ""
| #define PACKAGE "soundtouch"
| #define VERSION "1.8.0"
| /* end confdefs.h.  */
| #include <ac_nonexistent.h>
configure:4495: result: gcc -E
configure:4515: gcc -E  conftest.c
configure:4515: $? = 0
configure:4529: gcc -E  conftest.c
conftest.c:11:10: fatal error: 'ac_nonexistent.h' file not found
#include <ac_nonexistent.h>
         ^~~~~~~~~~~~~~~~~~
1 error generated.
configure:4529: $? = 1
configure: failed program was:
| /* confdefs.h */
| #define PACKAGE_NAME "SoundTouch"
| #define PACKAGE_TARNAME "soundtouch"
| #define PACKAGE_VERSION "1.8.0"
| #define PACKAGE_STRING "SoundTouch 1.8.0"
| #define PACKAGE_BUGREPORT "http://www.surina.net/soundtouch"
| #define PACKAGE_URL ""
| #define PACKAGE "soundtouch"
| #define VERSION "1.8.0"
| /* end confdefs.h.  */
| #include <ac_nonexistent.h>
configure:4562: checking how to run the C++ preprocessor
configure:4589: g++ -E  conftest.cpp
configure:4589: $? = 0
configure:4603: g++ -E  conftest.cpp
conftest.cpp:11:10: fatal error: 'ac_nonexistent.h' file not found
#include <ac_nonexistent.h>
         ^~~~~~~~~~~~~~~~~~
1 error generated.
configure:4603: $? = 1
configure: failed program was:
| /* confdefs.h */
| #define PACKAGE_NAME "SoundTouch"
| #define PACKAGE_TARNAME "soundtouch"
| #define PACKAGE_VERSION "1.8.0"
| #define PACKAGE_STRING "SoundTouch 1.8.0"
| #define PACKAGE_BUGREPORT "http://www.surina.net/soundtouch"
| #define PACKAGE_URL ""
| #define PACKAGE "soundtouch"
| #define VERSION "1.8.0"
| /* end confdefs.h.  */
| #include <ac_nonexistent.h>
configure:4628: result: g++ -E
configure:4648: g++ -E  conftest.cpp
configure:4648: $? = 0
configure:4662: g++ -E  conftest.cpp
conftest.cpp:11:10: fatal error: 'ac_nonexistent.h' file not found
#include <ac_nonexistent.h>
         ^~~~~~~~~~~~~~~~~~
1 error generated.
configure:4662: $? = 1
configure: failed program was:
| /* confdefs.h */
| #define PACKAGE_NAME "SoundTouch"
| #define PACKAGE_TARNAME "soundtouch"
| #define PACKAGE_VERSION "1.8.0"
| #define PACKAGE_STRING "SoundTouch 1.8.0"
| #define PACKAGE_BUGREPORT "http://www.surina.net/soundtouch"
| #define PACKAGE_URL ""
| #define PACKAGE "soundtouch"
| #define VERSION "1.8.0"
| /* end confdefs.h.  */
| #include <ac_nonexistent.h>
configure:4692: checking whether make sets $(MAKE)
configure:4714: result: yes
configure:4753: checking build system type
configure:4767: result: i386-apple-darwin17.4.0
configure:4787: checking host system type
configure:4800: result: i386-apple-darwin17.4.0
configure:4820: checking for a sed that does not truncate output
configure:4884: result: /usr/bin/sed
configure:4902: checking for grep that handles long lines and -e
configure:4960: result: /usr/bin/grep
configure:4965: checking for egrep
configure:5027: result: /usr/bin/grep -E
configure:5032: checking for fgrep
configure:5094: result: /usr/bin/grep -F
configure:5129: checking for ld used by gcc
configure:5196: result: /Applications/Xcode.app/Contents/Developer/Toolchains/XcodeDefault.xctoolchain/usr/bin/ld
configure:5203: checking if the linker (/Applications/Xcode.app/Contents/Developer/Toolchains/XcodeDefault.xctoolchain/usr/bin/ld) is GNU ld
configure:5218: result: no
configure:5230: checking for BSD- or MS-compatible name lister (nm)
configure:5279: result: /usr/bin/nm -B
configure:5397: checking the name lister (/usr/bin/nm -B) interface
configure:5404: g++ -c -g -O2  conftest.cpp >&5
configure:5407: /usr/bin/nm -B "conftest.o"
configure:5410: output
00000000000001e4 S _some_variable
configure:5417: result: BSD nm
configure:5420: checking whether ln -s works
configure:5424: result: yes
configure:5432: checking the maximum length of command line arguments
configure:5552: result: 196608
configure:5569: checking whether the shell understands some XSI constructs
configure:5579: result: yes
configure:5583: checking whether the shell understands "+="
configure:5589: result: yes
configure:5624: checking for /Applications/Xcode.app/Contents/Developer/Toolchains/XcodeDefault.xctoolchain/usr/bin/ld option to reload object files
configure:5631: result: -r
configure:5700: checking for objdump
configure:5716: found /usr/bin/objdump
configure:5727: result: objdump
configure:5759: checking how to recognize dependent libraries
configure:5955: result: pass_all
configure:6015: checking for ar
configure:6031: found /usr/bin/ar
configure:6042: result: ar
configure:6120: checking for strip
configure:6136: found /usr/bin/strip
configure:6147: result: strip
configure:6219: checking for ranlib
configure:6235: found /usr/bin/ranlib
configure:6246: result: ranlib
configure:6336: checking command to parse /usr/bin/nm -B output from gcc object
configure:6454: g++ -c -g -O2  conftest.cpp >&5
configure:6457: $? = 0
configure:6461: /usr/bin/nm -B conftest.o \| sed -n -e 's/^.*[	 ]\([BCDEGRST][BCDEGRST]*\)[	 ][	 ]*\([_A-Za-z][_A-Za-z0-9]*\)$/\1 \2 \2/p' \> conftest.nm
configure:6464: $? = 0
cannot find nm_test_var in conftest.nm
configure:6454: g++ -c -g -O2  conftest.cpp >&5
configure:6457: $? = 0
configure:6461: /usr/bin/nm -B conftest.o \| sed -n -e 's/^.*[	 ]\([BCDEGRST][BCDEGRST]*\)[	 ][	 ]*_\([_A-Za-z][_A-Za-z0-9]*\)$/\1 _\2 \2/p' \> conftest.nm
configure:6464: $? = 0
configure:6518: g++ -o conftest -g -O2   conftest.cpp conftstm.o >&5
configure:6521: $? = 0
configure:6559: result: ok
configure:6824: checking for dsymutil
configure:6840: found /usr/bin/dsymutil
configure:6851: result: dsymutil
configure:6916: checking for nmedit
configure:6932: found /usr/bin/nmedit
configure:6943: result: nmedit
configure:7008: checking for lipo
configure:7024: found /usr/bin/lipo
configure:7035: result: lipo
configure:7100: checking for otool
configure:7116: found /usr/bin/otool
configure:7127: result: otool
configure:7192: checking for otool64
configure:7222: result: no
configure:7267: checking for -single_module linker flag
gcc -g -O2  -o libconftest.dylib -dynamiclib -Wl,-single_module conftest.c
configure:7294: result: yes
configure:7296: checking for -exported_symbols_list linker flag
configure:7316: g++ -o conftest -g -O2   -Wl,-exported_symbols_list,conftest.sym conftest.cpp  >&5
configure:7316: $? = 0
configure:7326: result: yes
configure:7364: checking for ANSI C header files
configure:7384: g++ -c -g -O2  conftest.cpp >&5
configure:7384: $? = 0
configure:7457: g++ -o conftest -g -O2   conftest.cpp  >&5
configure:7457: $? = 0
configure:7457: ./conftest
configure:7457: $? = 0
configure:7468: result: yes
configure:7481: checking for sys/types.h
configure:7481: g++ -c -g -O2  conftest.cpp >&5
configure:7481: $? = 0
configure:7481: result: yes
configure:7481: checking for sys/stat.h
configure:7481: g++ -c -g -O2  conftest.cpp >&5
configure:7481: $? = 0
configure:7481: result: yes
configure:7481: checking for stdlib.h
configure:7481: g++ -c -g -O2  conftest.cpp >&5
configure:7481: $? = 0
configure:7481: result: yes
configure:7481: checking for string.h
configure:7481: g++ -c -g -O2  conftest.cpp >&5
configure:7481: $? = 0
configure:7481: result: yes
configure:7481: checking for memory.h
configure:7481: g++ -c -g -O2  conftest.cpp >&5
configure:7481: $? = 0
configure:7481: result: yes
configure:7481: checking for strings.h
configure:7481: g++ -c -g -O2  conftest.cpp >&5
configure:7481: $? = 0
configure:7481: result: yes
configure:7481: checking for inttypes.h
configure:7481: g++ -c -g -O2  conftest.cpp >&5
configure:7481: $? = 0
configure:7481: result: yes
configure:7481: checking for stdint.h
configure:7481: g++ -c -g -O2  conftest.cpp >&5
configure:7481: $? = 0
configure:7481: result: yes
configure:7481: checking for unistd.h
configure:7481: g++ -c -g -O2  conftest.cpp >&5
configure:7481: $? = 0
configure:7481: result: yes
configure:7496: checking for dlfcn.h
configure:7496: g++ -c -g -O2  conftest.cpp >&5
configure:7496: $? = 0
configure:7496: result: yes
configure:7621: checking for C++ compiler version
configure:7630: g++ --version >&5
Apple LLVM version 9.0.0 (clang-900.0.39.2)
Target: x86_64-apple-darwin17.4.0
Thread model: posix
InstalledDir: /Applications/Xcode.app/Contents/Developer/Toolchains/XcodeDefault.xctoolchain/usr/bin
Configured with: --prefix=/Applications/Xcode.app/Contents/Developer/usr --with-gxx-include-dir=/usr/include/c++/4.2.1
configure:7641: $? = 0
configure:7630: g++ -v >&5
Configured with: --prefix=/Applications/Xcode.app/Contents/Developer/usr --with-gxx-include-dir=/usr/include/c++/4.2.1
Apple LLVM version 9.0.0 (clang-900.0.39.2)
Target: x86_64-apple-darwin17.4.0
Thread model: posix
InstalledDir: /Applications/Xcode.app/Contents/Developer/Toolchains/XcodeDefault.xctoolchain/usr/bin
configure:7641: $? = 0
configure:7630: g++ -V >&5
clang: error: argument to '-V' is missing (expected 1 value)
clang: error: no input files
configure:7641: $? = 1
configure:7630: g++ -qversion >&5
clang: error: unknown argument: '-qversion'
clang: error: no input files
configure:7641: $? = 1
configure:7645: checking whether we are using the GNU C++ compiler
configure:7673: result: yes
configure:7682: checking whether g++ accepts -g
configure:7743: result: yes
configure:7768: checking dependency style of g++
configure:7878: result: gcc3
configure:7901: checking how to run the C++ preprocessor
configure:7967: result: g++ -E
configure:7987: g++ -E  conftest.cpp
configure:7987: $? = 0
configure:8001: g++ -E  conftest.cpp
conftest.cpp:22:10: fatal error: 'ac_nonexistent.h' file not found
#include <ac_nonexistent.h>
         ^~~~~~~~~~~~~~~~~~
1 error generated.
configure:8001: $? = 1
configure: failed program was:
| /* confdefs.h */
| #define PACKAGE_NAME "SoundTouch"
| #define PACKAGE_TARNAME "soundtouch"
| #define PACKAGE_VERSION "1.8.0"
| #define PACKAGE_STRING "SoundTouch 1.8.0"
| #define PACKAGE_BUGREPORT "http://www.surina.net/soundtouch"
| #define PACKAGE_URL ""
| #define PACKAGE "soundtouch"
| #define VERSION "1.8.0"
| #define STDC_HEADERS 1
| #define HAVE_SYS_TYPES_H 1
| #define HAVE_SYS_STAT_H 1
| #define HAVE_STDLIB_H 1
| #define HAVE_STRING_H 1
| #define HAVE_MEMORY_H 1
| #define HAVE_STRINGS_H 1
| #define HAVE_INTTYPES_H 1
| #define HAVE_STDINT_H 1
| #define HAVE_UNISTD_H 1
| #define HAVE_DLFCN_H 1
| /* end confdefs.h.  */
| #include <ac_nonexistent.h>
configure:8177: checking for objdir
configure:8192: result: .libs
configure:8488: checking if gcc supports -fno-rtti -fno-exceptions
configure:8506: gcc -c -g -O2  -fno-rtti -fno-exceptions conftest.c >&5
configure:8510: $? = 0
configure:8523: result: yes
configure:8543: checking for gcc option to produce PIC
configure:8815: result: -fno-common -DPIC
configure:8827: checking if gcc PIC flag -fno-common -DPIC works
configure:8845: gcc -c -g -O2  -fno-common -DPIC -DPIC conftest.c >&5
configure:8849: $? = 0
configure:8862: result: yes
configure:8886: checking if gcc static flag -static works
configure:8914: result: no
configure:8929: checking if gcc supports -c -o file.o
configure:8950: gcc -c -g -O2  -o out/conftest2.o conftest.c >&5
configure:8954: $? = 0
configure:8976: result: yes
configure:8984: checking if gcc supports -c -o file.o
configure:9031: result: yes
configure:9064: checking whether the gcc linker (/Applications/Xcode.app/Contents/Developer/Toolchains/XcodeDefault.xctoolchain/usr/bin/ld) supports shared libraries
configure:10050: result: yes
configure:10289: checking dynamic linker characteristics
configure:10940: result: darwin17.4.0 dyld
configure:11042: checking how to hardcode library paths into programs
configure:11067: result: immediate
configure:11587: checking whether stripping libraries is possible
configure:11601: result: yes
configure:11627: checking if libtool supports shared libraries
configure:11629: result: yes
configure:11632: checking whether to build shared libraries
configure:11653: result: yes
configure:11656: checking whether to build static libraries
configure:11660: result: no
configure:11810: checking for ld used by g++
configure:11877: result: /Applications/Xcode.app/Contents/Developer/Toolchains/XcodeDefault.xctoolchain/usr/bin/ld
configure:11884: checking if the linker (/Applications/Xcode.app/Contents/Developer/Toolchains/XcodeDefault.xctoolchain/usr/bin/ld) is GNU ld
configure:11899: result: no
configure:11954: checking whether the g++ linker (/Applications/Xcode.app/Contents/Developer/Toolchains/XcodeDefault.xctoolchain/usr/bin/ld) supports shared libraries
configure:12867: result: yes
configure:12895: g++ -c -g -O2  conftest.cpp >&5
configure:12898: $? = 0
configure:13080: checking for g++ option to produce PIC
configure:13397: result: -fno-common -DPIC
configure:13406: checking if g++ PIC flag -fno-common -DPIC works
configure:13424: g++ -c -g -O2  -fno-common -DPIC -DPIC conftest.cpp >&5
configure:13428: $? = 0
configure:13441: result: yes
configure:13462: checking if g++ static flag -static works
configure:13490: result: no
configure:13502: checking if g++ supports -c -o file.o
configure:13523: g++ -c -g -O2  -o out/conftest2.o conftest.cpp >&5
configure:13527: $? = 0
configure:13549: result: yes
configure:13554: checking if g++ supports -c -o file.o
configure:13601: result: yes
configure:13631: checking whether the g++ linker (/Applications/Xcode.app/Contents/Developer/Toolchains/XcodeDefault.xctoolchain/usr/bin/ld) supports shared libraries
configure:13657: result: yes
configure:13794: checking dynamic linker characteristics
configure:14393: result: darwin17.4.0 dyld
configure:14444: checking how to hardcode library paths into programs
configure:14469: result: immediate
configure:14531: checking for ANSI C header files
configure:14635: result: yes
configure:14647: checking cpuid.h usability
configure:14647: g++ -c -g -O2  conftest.cpp >&5
configure:14647: $? = 0
configure:14647: result: yes
configure:14647: checking cpuid.h presence
configure:14647: g++ -E  conftest.cpp
configure:14647: $? = 0
configure:14647: result: yes
configure:14647: checking for cpuid.h
configure:14647: result: yes
configure:14668: checking for an ANSI C-conforming const
configure:14733: g++ -c -g -O2  conftest.cpp >&5
configure:14733: $? = 0
configure:14740: result: yes
configure:14748: checking for inline
configure:14764: g++ -c -g -O2  conftest.cpp >&5
configure:14764: $? = 0
configure:14772: result: inline
configure:14863: g++ -c -mmmx -Winline -g -O2  conftest.cpp >&5
configure:14863: $? = 0
configure:14905: g++ -c -msse -Winline -g -O2  conftest.cpp >&5
configure:14905: $? = 0
configure:14963: checking for stdlib.h
configure:14963: result: yes
configure:14973: checking for GNU libc compatible malloc
configure:14997: g++ -o conftest -g -O2   conftest.cpp  >&5
configure:14997: $? = 0
configure:14997: ./conftest
configure:14997: $? = 0
configure:15007: result: yes
configure:15028: checking return type of signal handlers
configure:15046: g++ -c -g -O2  conftest.cpp >&5
conftest.cpp:34:8: error: indirection requires pointer operand ('void' invalid)
return *(signal (0, 0)) (0) == 1;
       ^~~~~~~~~~~~~~~~~~~~
1 error generated.
configure:15046: $? = 1
configure: failed program was:
| /* confdefs.h */
| #define PACKAGE_NAME "SoundTouch"
| #define PACKAGE_TARNAME "soundtouch"
| #define PACKAGE_VERSION "1.8.0"
| #define PACKAGE_STRING "SoundTouch 1.8.0"
| #define PACKAGE_BUGREPORT "http://www.surina.net/soundtouch"
| #define PACKAGE_URL ""
| #define PACKAGE "soundtouch"
| #define VERSION "1.8.0"
| #define STDC_HEADERS 1
| #define HAVE_SYS_TYPES_H 1
| #define HAVE_SYS_STAT_H 1
| #define HAVE_STDLIB_H 1
| #define HAVE_STRING_H 1
| #define HAVE_MEMORY_H 1
| #define HAVE_STRINGS_H 1
| #define HAVE_INTTYPES_H 1
| #define HAVE_STDINT_H 1
| #define HAVE_UNISTD_H 1
| #define HAVE_DLFCN_H 1
| #define LT_OBJDIR ".libs/"
| #define STDC_HEADERS 1
| #define HAVE_CPUID_H 1
| #define SOUNDTOUCH_FLOAT_SAMPLES 1
| #define HAVE_STDLIB_H 1
| #define HAVE_MALLOC 1
| /* end confdefs.h.  */
| #include <sys/types.h>
| #include <signal.h>
| 
| int
| main ()
| {
| return *(signal (0, 0)) (0) == 1;
|   ;
|   return 0;
| }
configure:15053: result: void
configure:15062: checking for sqrt in -lm
configure:15087: g++ -o conftest -g -O2   conftest.cpp -lm   >&5
configure:15087: $? = 0
configure:15096: result: yes
configure:15269: creating ./config.status

## ---------------------- ##
## Running config.status. ##
## ---------------------- ##

This file was extended by SoundTouch config.status 1.8.0, which was
generated by GNU Autoconf 2.65.  Invocation command line was

  CONFIG_FILES    = 
  CONFIG_HEADERS  = 
  CONFIG_LINKS    = 
  CONFIG_COMMANDS = 
  $ ./config.status 

on mj-mac.local

config.status:1141: creating Makefile
config.status:1141: creating source/Makefile
config.status:1141: creating source/SoundTouch/Makefile
config.status:1141: creating source/SoundStretch/Makefile
config.status:1141: creating include/Makefile
config.status:1141: creating soundtouch.pc
config.status:1141: creating include/soundtouch_config.h
config.status:1361: executing depfiles commands
config.status:1361: executing libtool commands

## ---------------- ##
## Cache variables. ##
## ---------------- ##

ac_cv_build=i386-apple-darwin17.4.0
ac_cv_c_compiler_gnu=yes
ac_cv_c_const=yes
ac_cv_c_inline=inline
ac_cv_cxx_compiler_gnu=yes
ac_cv_env_CCC_set=
ac_cv_env_CCC_value=
ac_cv_env_CC_set=
ac_cv_env_CC_value=
ac_cv_env_CFLAGS_set=
ac_cv_env_CFLAGS_value=
ac_cv_env_CPPFLAGS_set=
ac_cv_env_CPPFLAGS_value=
ac_cv_env_CPP_set=
ac_cv_env_CPP_value=
ac_cv_env_CXXCPP_set=
ac_cv_env_CXXCPP_value=
ac_cv_env_CXXFLAGS_set=
ac_cv_env_CXXFLAGS_value=
ac_cv_env_CXX_set=
ac_cv_env_CXX_value=
ac_cv_env_LDFLAGS_set=
ac_cv_env_LDFLAGS_value=
ac_cv_env_LIBS_set=
ac_cv_env_LIBS_value=
ac_cv_env_build_alias_set=
ac_cv_env_build_alias_value=
ac_cv_env_host_alias_set=
ac_cv_env_host_alias_value=
ac_cv_env_target_alias_set=
ac_cv_env_target_alias_value=
ac_cv_func_malloc_0_nonnull=yes
ac_cv_header_cpuid_h=yes
ac_cv_header_dlfcn_h=yes
ac_cv_header_inttypes_h=yes
ac_cv_header_memory_h=yes
ac_cv_header_stdc=yes
ac_cv_header_stdint_h=yes
ac_cv_header_stdlib_h=yes
ac_cv_header_string_h=yes
ac_cv_header_strings_h=yes
ac_cv_header_sys_stat_h=yes
ac_cv_header_sys_types_h=yes
ac_cv_header_unistd_h=yes
ac_cv_host=i386-apple-darwin17.4.0
ac_cv_lib_m_sqrt=yes
ac_cv_objext=o
ac_cv_path_EGREP='/usr/bin/grep -E'
ac_cv_path_FGREP='/usr/bin/grep -F'
ac_cv_path_GREP=/usr/bin/grep
ac_cv_path_SED=/usr/bin/sed
ac_cv_path_install='/usr/bin/install -c'
ac_cv_prog_AWK=awk
ac_cv_prog_CPP='gcc -E'
ac_cv_prog_CXXCPP='g++ -E'
ac_cv_prog_ac_ct_AR=ar
ac_cv_prog_ac_ct_CC=gcc
ac_cv_prog_ac_ct_CXX=g++
ac_cv_prog_ac_ct_DSYMUTIL=dsymutil
ac_cv_prog_ac_ct_LIPO=lipo
ac_cv_prog_ac_ct_NMEDIT=nmedit
ac_cv_prog_ac_ct_OBJDUMP=objdump
ac_cv_prog_ac_ct_OTOOL=otool
ac_cv_prog_ac_ct_RANLIB=ranlib
ac_cv_prog_ac_ct_STRIP=strip
ac_cv_prog_cc_c89=
ac_cv_prog_cc_g=yes
ac_cv_prog_cxx_g=yes
ac_cv_prog_make_make_set=yes
ac_cv_type_signal=void
am_cv_CC_dependencies_compiler_type=gcc3
am_cv_CXX_dependencies_compiler_type=gcc3
lt_cv_apple_cc_single_mod=yes
lt_cv_deplibs_check_method=pass_all
lt_cv_file_magic_cmd='$MAGIC_CMD'
lt_cv_file_magic_test_file=
lt_cv_ld_exported_symbols_list=yes
lt_cv_ld_reload_flag=-r
lt_cv_nm_interface='BSD nm'
lt_cv_objdir=.libs
lt_cv_path_LD=/Applications/Xcode.app/Contents/Developer/Toolchains/XcodeDefault.xctoolchain/usr/bin/ld
lt_cv_path_LDCXX=/Applications/Xcode.app/Contents/Developer/Toolchains/XcodeDefault.xctoolchain/usr/bin/ld
lt_cv_path_NM='/usr/bin/nm -B'
lt_cv_prog_compiler_c_o=yes
lt_cv_prog_compiler_c_o_CXX=yes
lt_cv_prog_compiler_pic_works=yes
lt_cv_prog_compiler_pic_works_CXX=yes
lt_cv_prog_compiler_rtti_exceptions=yes
lt_cv_prog_compiler_static_works=no
lt_cv_prog_compiler_static_works_CXX=no
lt_cv_prog_gnu_ld=no
lt_cv_prog_gnu_ldcxx=no
lt_cv_sys_global_symbol_pipe='sed -n -e '\''s/^.*[	 ]\([BCDEGRST][BCDEGRST]*\)[	 ][	 ]*_\([_A-Za-z][_A-Za-z0-9]*\)$/\1 _\2 \2/p'\'''
lt_cv_sys_global_symbol_to_c_name_address='sed -n -e '\''s/^: \([^ ]*\) $/  {\"\1\", (void *) 0},/p'\'' -e '\''s/^[BCDEGRST]* \([^ ]*\) \([^ ]*\)$/  {"\2", (void *) \&\2},/p'\'''
lt_cv_sys_global_symbol_to_c_name_address_lib_prefix='sed -n -e '\''s/^: \([^ ]*\) $/  {\"\1\", (void *) 0},/p'\'' -e '\''s/^[BCDEGRST]* \([^ ]*\) \(lib[^ ]*\)$/  {"\2", (void *) \&\2},/p'\'' -e '\''s/^[BCDEGRST]* \([^ ]*\) \([^ ]*\)$/  {"lib\2", (void *) \&\2},/p'\'''
lt_cv_sys_global_symbol_to_cdecl='sed -n -e '\''s/^T .* \(.*\)$/extern int \1();/p'\'' -e '\''s/^[BCDEGRST]* .* \(.*\)$/extern char \1;/p'\'''
lt_cv_sys_max_cmd_len=196608

## ----------------- ##
## Output variables. ##
## ----------------- ##

ACLOCAL='${SHELL} /Users/mj/golang/src/code.inke.cn/wangmj/soundtouch/config/missing --run aclocal-1.11'
AMDEPBACKSLASH='\'
AMDEP_FALSE='#'
AMDEP_TRUE=''
AMTAR='${SHELL} /Users/mj/golang/src/code.inke.cn/wangmj/soundtouch/config/missing --run tar'
AM_BACKSLASH='\'
AM_DEFAULT_VERBOSITY='0'
AR='ar'
AUTOCONF='${SHELL} /Users/mj/golang/src/code.inke.cn/wangmj/soundtouch/config/missing --run autoconf'
AUTOHEADER='${SHELL} /Users/mj/golang/src/code.inke.cn/wangmj/soundtouch/config/missing --run autoheader'
AUTOMAKE='${SHELL} /Users/mj/golang/src/code.inke.cn/wangmj/soundtouch/config/missing --run automake-1.11'
AWK='awk'
CC='gcc'
CCDEPMODE='depmode=gcc3'
CFLAGS='-g -O2'
CPP='gcc -E'
CPPFLAGS=''
CXX='g++'
CXXCPP='g++ -E'
CXXDEPMODE='depmode=gcc3'
CXXFLAGS='-g -O2'
CYGPATH_W='echo'
DEFS='-DHAVE_CONFIG_H'
DEPDIR='.deps'
DSYMUTIL='dsymutil'
DUMPBIN=''
ECHO_C='\c'
ECHO_N=''
ECHO_T=''
EGREP='/usr/bin/grep -E'
EXEEXT=''
FGREP='/usr/bin/grep -F'
GREP='/usr/bin/grep'
HAVE_MMX_FALSE='#'
HAVE_MMX_TRUE=''
HAVE_SSE_FALSE='#'
HAVE_SSE_TRUE=''
INSTALL_DATA='${INSTALL} -m 644'
INSTALL_PROGRAM='${INSTALL}'
INSTALL_SCRIPT='${INSTALL}'
INSTALL_STRIP_PROGRAM='$(install_sh) -c -s'
LD='/Applications/Xcode.app/Contents/Developer/Toolchains/XcodeDefault.xctoolchain/usr/bin/ld'
LDFLAGS=''
LIBOBJS=''
LIBS='-lm '
LIBTOOL='$(SHELL) $(top_builddir)/libtool'
LIPO='lipo'
LN_S='ln -s'
LTLIBOBJS=''
MAKEINFO='${SHELL} /Users/mj/golang/src/code.inke.cn/wangmj/soundtouch/config/missing --run makeinfo'
MKDIR_P='config/install-sh -c -d'
NM='/usr/bin/nm -B'
NMEDIT='nmedit'
OBJDUMP='objdump'
OBJEXT='o'
OTOOL64=':'
OTOOL='otool'
PACKAGE='soundtouch'
PACKAGE_BUGREPORT='http://www.surina.net/soundtouch'
PACKAGE_NAME='SoundTouch'
PACKAGE_STRING='SoundTouch 1.8.0'
PACKAGE_TARNAME='soundtouch'
PACKAGE_URL=''
PACKAGE_VERSION='1.8.0'
PATH_SEPARATOR=':'
RANLIB='ranlib'
SED='/usr/bin/sed'
SET_MAKE=''
SHELL='/bin/sh'
STRIP='strip'
VERSION='1.8.0'
X86_OPTIMIZATIONS_FALSE='#'
X86_OPTIMIZATIONS_TRUE=''
ac_ct_CC='gcc'
ac_ct_CXX='g++'
ac_ct_DUMPBIN=''
am__EXEEXT_FALSE=''
am__EXEEXT_TRUE='#'
am__fastdepCC_FALSE='#'
am__fastdepCC_TRUE=''
am__fastdepCXX_FALSE='#'
am__fastdepCXX_TRUE=''
am__include='include'
am__isrc=''
am__leading_dot='.'
am__quote=''
am__tar='${AMTAR} chof - "$$tardir"'
am__untar='${AMTAR} xf -'
bindir='${exec_prefix}/bin'
build='i386-apple-darwin17.4.0'
build_alias=''
build_cpu='i386'
build_os='darwin17.4.0'
build_vendor='apple'
datadir='${datarootdir}'
datarootdir='${prefix}/share'
docdir='${datarootdir}/doc/${PACKAGE_TARNAME}'
dvidir='${docdir}'
exec_prefix='${prefix}'
host='i386-apple-darwin17.4.0'
host_alias=''
host_cpu='i386'
host_os='darwin17.4.0'
host_vendor='apple'
htmldir='${docdir}'
includedir='${prefix}/include'
infodir='${datarootdir}/info'
install_sh='${SHELL} /Users/mj/golang/src/code.inke.cn/wangmj/soundtouch/config/install-sh'
libdir='${exec_prefix}/lib'
libexecdir='${exec_prefix}/libexec'
localedir='${datarootdir}/locale'
localstatedir='${prefix}/var'
lt_ECHO='/bin/echo'
mandir='${datarootdir}/man'
mkdir_p='$(top_builddir)/config/install-sh -c -d'
oldincludedir='/usr/include'
pdfdir='${docdir}'
prefix='/Users/mj/golang/src/code.inke.cn/wangmj/soundtouch/build'
program_transform_name='s,x,x,'
psdir='${docdir}'
sbindir='${exec_prefix}/sbin'
sharedstatedir='${prefix}/com'
sysconfdir='${prefix}/etc'
target_alias=''

## ----------- ##
## confdefs.h. ##
## ----------- ##

/* confdefs.h */
#define PACKAGE_NAME "SoundTouch"
#define PACKAGE_TARNAME "soundtouch"
#define PACKAGE_VERSION "1.8.0"
#define PACKAGE_STRING "SoundTouch 1.8.0"
#define PACKAGE_BUGREPORT "http://www.surina.net/soundtouch"
#define PACKAGE_URL ""
#define PACKAGE "soundtouch"
#define VERSION "1.8.0"
#define STDC_HEADERS 1
#define HAVE_SYS_TYPES_H 1
#define HAVE_SYS_STAT_H 1
#define HAVE_STDLIB_H 1
#define HAVE_STRING_H 1
#define HAVE_MEMORY_H 1
#define HAVE_STRINGS_H 1
#define HAVE_INTTYPES_H 1
#define HAVE_STDINT_H 1
#define HAVE_UNISTD_H 1
#define HAVE_DLFCN_H 1
#define LT_OBJDIR ".libs/"
#define STDC_HEADERS 1
#define HAVE_CPUID_H 1
#define SOUNDTOUCH_FLOAT_SAMPLES 1
#define HAVE_STDLIB_H 1
#define HAVE_MALLOC 1
#define RETSIGTYPE void
#define HAVE_LIBM 1

configure: exit 0
